<?xml version="1.0" encoding="UTF-8"?>
<testsuite xmlns:xsi="http://www.w3.org/2001/XMLSchema-instance" xsi:noNamespaceSchemaLocation="https://maven.apache.org/surefire/maven-surefire-plugin/xsd/surefire-test-report-3.0.xsd" version="3.0" name="com.example.demo.HistoryOfBlackPeopleApplicationTests" time="5.524" tests="1" errors="0" skipped="0" failures="0">
  <properties>
[...]
</properties>
  <testcase name="contextLoads" classname="com.example.demo.HistoryOfBlackPeopleApplicationTests" time="0.927">
    <system-out><![CDATA[13:01:07.634 [main] INFO org.springframework.test.context.support.AnnotationConfigContextLoaderUtils -- Could not detect default configuration classes for test class [com.example.demo.HistoryOfBlackPeopleApplicationTests]: HistoryOfBlackPeopleApplicationTests does not declare any static, non-private, non-final, nested classes annotated with @Configuration.
13:01:07.876 [main] INFO org.springframework.boot.test.context.SpringBootTestContextBootstrapper -- Found @SpringBootConfiguration com.example.demo.HistoryOfBlackPeopleApplication for test class com.example.demo.HistoryOfBlackPeopleApplicationTests

  .   ____          _            __ _ _
 /\\ / ___'_ __ _ _(_)_ __  __ _ \ \ \ \
( ( )\___ | '_ | '_| | '_ \/ _` | \ \ \ \
 \\/  ___)| |_)| | | | | || (_| |  ) ) ) )
  '  |____| .__|_| |_|_| |_\__, | / / / /
 =========|_|==============|___/=/_/_/_/
 :: Spring Boot ::                (v3.1.3)

2023-11-07T13:01:08.550-06:00  INFO 23484 --- [           main] e.d.HistoryOfBlackPeopleApplicationTests : Starting HistoryOfBlackPeopleApplicationTests using Java 18.0.2.1 with PID 23484 (started by s556452 in C:\Users\s556452\Desktop\Projects\HistoryOfBlackPeople)
2023-11-07T13:01:08.552-06:00  INFO 23484 --- [           main] e.d.HistoryOfBlackPeopleApplicationTests : No active profile set, falling back to 1 default profile: "default"
2023-11-07T13:01:09.281-06:00  INFO 23484 --- [           main] .s.d.r.c.RepositoryConfigurationDelegate : Multiple Spring Data modules found, entering strict repository configuration mode
2023-11-07T13:01:09.283-06:00  INFO 23484 --- [           main] .s.d.r.c.RepositoryConfigurationDelegate : Bootstrapping Spring Data Elasticsearch repositories in DEFAULT mode.
2023-11-07T13:01:09.322-06:00  INFO 23484 --- [           main] .RepositoryConfigurationExtensionSupport : Spring Data Elasticsearch - Could not safely identify store assignment for repository candidate interface com.example.demo.repos.AdminRepository; If you want this repository to be a Elasticsearch repository, consider annotating your entities with one of these annotations: org.springframework.data.elasticsearch.annotations.Document (preferred), or consider extending one of the following types with your repository: org.springframework.data.elasticsearch.repository.ElasticsearchRepository, org.springframework.data.elasticsearch.repository.ElasticsearchRepository
2023-11-07T13:01:09.327-06:00  INFO 23484 --- [           main] .RepositoryConfigurationExtensionSupport : Spring Data Elasticsearch - Could not safely identify store assignment for repository candidate interface com.example.demo.repos.FileRepository; If you want this repository to be a Elasticsearch repository, consider annotating your entities with one of these annotations: org.springframework.data.elasticsearch.annotations.Document (preferred), or consider extending one of the following types with your repository: org.springframework.data.elasticsearch.repository.ElasticsearchRepository, org.springframework.data.elasticsearch.repository.ElasticsearchRepository
2023-11-07T13:01:09.332-06:00  INFO 23484 --- [           main] .RepositoryConfigurationExtensionSupport : Spring Data Elasticsearch - Could not safely identify store assignment for repository candidate interface com.example.demo.repos.FileStructureMongoRepository; If you want this repository to be a Elasticsearch repository, consider annotating your entities with one of these annotations: org.springframework.data.elasticsearch.annotations.Document (preferred), or consider extending one of the following types with your repository: org.springframework.data.elasticsearch.repository.ElasticsearchRepository, org.springframework.data.elasticsearch.repository.ElasticsearchRepository
2023-11-07T13:01:09.334-06:00  INFO 23484 --- [           main] .RepositoryConfigurationExtensionSupport : Spring Data Elasticsearch - Could not safely identify store assignment for repository candidate interface com.example.demo.repos.FileStructureRepository; If you want this repository to be a Elasticsearch repository, consider annotating your entities with one of these annotations: org.springframework.data.elasticsearch.annotations.Document (preferred), or consider extending one of the following types with your repository: org.springframework.data.elasticsearch.repository.ElasticsearchRepository, org.springframework.data.elasticsearch.repository.ElasticsearchRepository
2023-11-07T13:01:09.338-06:00  INFO 23484 --- [           main] .RepositoryConfigurationExtensionSupport : Spring Data Elasticsearch - Could not safely identify store assignment for repository candidate interface com.example.demo.repos.UserRepository; If you want this repository to be a Elasticsearch repository, consider annotating your entities with one of these annotations: org.springframework.data.elasticsearch.annotations.Document (preferred), or consider extending one of the following types with your repository: org.springframework.data.elasticsearch.repository.ElasticsearchRepository, org.springframework.data.elasticsearch.repository.ElasticsearchRepository
2023-11-07T13:01:09.338-06:00  INFO 23484 --- [           main] .s.d.r.c.RepositoryConfigurationDelegate : Finished Spring Data repository scanning in 50 ms. Found 0 Elasticsearch repository interfaces.
2023-11-07T13:01:09.348-06:00  INFO 23484 --- [           main] .s.d.r.c.RepositoryConfigurationDelegate : Multiple Spring Data modules found, entering strict repository configuration mode
2023-11-07T13:01:09.349-06:00  INFO 23484 --- [           main] .s.d.r.c.RepositoryConfigurationDelegate : Bootstrapping Spring Data Reactive Elasticsearch repositories in DEFAULT mode.
2023-11-07T13:01:09.354-06:00  INFO 23484 --- [           main] .RepositoryConfigurationExtensionSupport : Spring Data Reactive Elasticsearch - Could not safely identify store assignment for repository candidate interface com.example.demo.repos.AdminRepository; If you want this repository to be a Reactive Elasticsearch repository, consider annotating your entities with one of these annotations: org.springframework.data.elasticsearch.annotations.Document (preferred), or consider extending one of the following types with your repository: org.springframework.data.elasticsearch.repository.ReactiveElasticsearchRepository
2023-11-07T13:01:09.356-06:00  INFO 23484 --- [           main] .RepositoryConfigurationExtensionSupport : Spring Data Reactive Elasticsearch - Could not safely identify store assignment for repository candidate interface com.example.demo.repos.FileRepository; If you want this repository to be a Reactive Elasticsearch repository, consider annotating your entities with one of these annotations: org.springframework.data.elasticsearch.annotations.Document (preferred), or consider extending one of the following types with your repository: org.springframework.data.elasticsearch.repository.ReactiveElasticsearchRepository
2023-11-07T13:01:09.356-06:00  INFO 23484 --- [           main] .RepositoryConfigurationExtensionSupport : Spring Data Reactive Elasticsearch - Could not safely identify store assignment for repository candidate interface com.example.demo.repos.FileStructureMongoRepository; If you want this repository to be a Reactive Elasticsearch repository, consider annotating your entities with one of these annotations: org.springframework.data.elasticsearch.annotations.Document (preferred), or consider extending one of the following types with your repository: org.springframework.data.elasticsearch.repository.ReactiveElasticsearchRepository
2023-11-07T13:01:09.357-06:00  INFO 23484 --- [           main] .RepositoryConfigurationExtensionSupport : Spring Data Reactive Elasticsearch - Could not safely identify store assignment for repository candidate interface com.example.demo.repos.FileStructureRepository; If you want this repository to be a Reactive Elasticsearch repository, consider annotating your entities with one of these annotations: org.springframework.data.elasticsearch.annotations.Document (preferred), or consider extending one of the following types with your repository: org.springframework.data.elasticsearch.repository.ReactiveElasticsearchRepository
2023-11-07T13:01:09.358-06:00  INFO 23484 --- [           main] .RepositoryConfigurationExtensionSupport : Spring Data Reactive Elasticsearch - Could not safely identify store assignment for repository candidate interface com.example.demo.repos.UserRepository; If you want this repository to be a Reactive Elasticsearch repository, consider annotating your entities with one of these annotations: org.springframework.data.elasticsearch.annotations.Document (preferred), or consider extending one of the following types with your repository: org.springframework.data.elasticsearch.repository.ReactiveElasticsearchRepository
2023-11-07T13:01:09.358-06:00  INFO 23484 --- [           main] .s.d.r.c.RepositoryConfigurationDelegate : Finished Spring Data repository scanning in 8 ms. Found 0 Reactive Elasticsearch repository interfaces.
2023-11-07T13:01:09.395-06:00  INFO 23484 --- [           main] .s.d.r.c.RepositoryConfigurationDelegate : Multiple Spring Data modules found, entering strict repository configuration mode
2023-11-07T13:01:09.395-06:00  INFO 23484 --- [           main] .s.d.r.c.RepositoryConfigurationDelegate : Bootstrapping Spring Data MongoDB repositories in DEFAULT mode.
2023-11-07T13:01:09.433-06:00  INFO 23484 --- [           main] .s.d.r.c.RepositoryConfigurationDelegate : Finished Spring Data repository scanning in 37 ms. Found 5 MongoDB repository interfaces.
2023-11-07T13:01:10.053-06:00  INFO 23484 --- [sis.mongodb.net] org.mongodb.driver.cluster               : Adding discovered server ac-r0hbrkp-shard-00-01.vnz6sis.mongodb.net:27017 to client view of cluster
2023-11-07T13:01:10.084-06:00  INFO 23484 --- [           main] org.mongodb.driver.client                : MongoClient with metadata {"driver": {"name": "mongo-java-driver|sync|spring-boot", "version": "4.9.1"}, "os": {"type": "Windows", "name": "Windows 10", "architecture": "amd64", "version": "10.0"}, "platform": "Java/Oracle Corporation/18.0.2.1+1-1"} created with settings MongoClientSettings{readPreference=primary, writeConcern=WriteConcern{w=majority, wTimeout=null ms, journal=null}, retryWrites=true, retryReads=true, readConcern=ReadConcern{level=null}, credential=MongoCredential{mechanism=null, userName='jaya', source='admin', password=<hidden>, mechanismProperties=<hidden>}, streamFactoryFactory=null, commandListeners=[], codecRegistry=ProvidersCodecRegistry{codecProviders=[ValueCodecProvider{}, BsonValueCodecProvider{}, DBRefCodecProvider{}, DBObjectCodecProvider{}, DocumentCodecProvider{}, CollectionCodecProvider{}, IterableCodecProvider{}, MapCodecProvider{}, GeoJsonCodecProvider{}, GridFSFileCodecProvider{}, Jsr310CodecProvider{}, JsonObjectCodecProvider{}, BsonCodecProvider{}, EnumCodecProvider{}, com.mongodb.client.model.mql.ExpressionCodecProvider@6cd15072, com.mongodb.Jep395RecordCodecProvider@78cfa264]}, loggerSettings=LoggerSettings{maxDocumentLength=1000}, clusterSettings={hosts=[127.0.0.1:27017], srvHost=cluster0.vnz6sis.mongodb.net, srvServiceName=mongodb, mode=MULTIPLE, requiredClusterType=REPLICA_SET, requiredReplicaSetName='atlas-13nzka-shard-0', serverSelector='null', clusterListeners='[]', serverSelectionTimeout='30000 ms', localThreshold='30000 ms'}, socketSettings=SocketSettings{connectTimeoutMS=10000, readTimeoutMS=0, receiveBufferSize=0, sendBufferSize=0}, heartbeatSocketSettings=SocketSettings{connectTimeoutMS=10000, readTimeoutMS=10000, receiveBufferSize=0, sendBufferSize=0}, connectionPoolSettings=ConnectionPoolSettings{maxSize=100, minSize=0, maxWaitTimeMS=120000, maxConnectionLifeTimeMS=0, maxConnectionIdleTimeMS=0, maintenanceInitialDelayMS=0, maintenanceFrequencyMS=60000, connectionPoolListeners=[], maxConnecting=2}, serverSettings=ServerSettings{heartbeatFrequencyMS=10000, minHeartbeatFrequencyMS=500, serverListeners='[]', serverMonitorListeners='[]'}, sslSettings=SslSettings{enabled=true, invalidHostNameAllowed=false, context=null}, applicationName='null', compressorList=[], uuidRepresentation=JAVA_LEGACY, serverApi=null, autoEncryptionSettings=null, contextProvider=null}
2023-11-07T13:01:10.101-06:00  INFO 23484 --- [sis.mongodb.net] org.mongodb.driver.cluster               : Adding discovered server ac-r0hbrkp-shard-00-00.vnz6sis.mongodb.net:27017 to client view of cluster
2023-11-07T13:01:10.103-06:00  INFO 23484 --- [sis.mongodb.net] org.mongodb.driver.cluster               : Adding discovered server ac-r0hbrkp-shard-00-02.vnz6sis.mongodb.net:27017 to client view of cluster
2023-11-07T13:01:10.867-06:00  INFO 23484 --- [ngodb.net:27017] org.mongodb.driver.cluster               : Monitor thread successfully connected to server with description ServerDescription{address=ac-r0hbrkp-shard-00-02.vnz6sis.mongodb.net:27017, type=REPLICA_SET_SECONDARY, state=CONNECTED, ok=true, minWireVersion=0, maxWireVersion=17, maxDocumentSize=16777216, logicalSessionTimeoutMinutes=30, roundTripTimeNanos=402004800, setName='atlas-13nzka-shard-0', canonicalAddress=ac-r0hbrkp-shard-00-02.vnz6sis.mongodb.net:27017, hosts=[ac-r0hbrkp-shard-00-01.vnz6sis.mongodb.net:27017, ac-r0hbrkp-shard-00-02.vnz6sis.mongodb.net:27017, ac-r0hbrkp-shard-00-00.vnz6sis.mongodb.net:27017], passives=[], arbiters=[], primary='ac-r0hbrkp-shard-00-01.vnz6sis.mongodb.net:27017', tagSet=TagSet{[Tag{name='nodeType', value='ELECTABLE'}, Tag{name='provider', value='AWS'}, Tag{name='region', value='US_EAST_1'}, Tag{name='workloadType', value='OPERATIONAL'}]}, electionId=null, setVersion=7, topologyVersion=TopologyVersion{processId=6549755cd016f7c801529ea3, counter=3}, lastWriteDate=Tue Nov 07 13:01:10 CST 2023, lastUpdateTimeNanos=462831562952200}
2023-11-07T13:01:10.867-06:00  INFO 23484 --- [ngodb.net:27017] org.mongodb.driver.cluster               : Monitor thread successfully connected to server with description ServerDescription{address=ac-r0hbrkp-shard-00-01.vnz6sis.mongodb.net:27017, type=REPLICA_SET_PRIMARY, state=CONNECTED, ok=true, minWireVersion=0, maxWireVersion=17, maxDocumentSize=16777216, logicalSessionTimeoutMinutes=30, roundTripTimeNanos=400214300, setName='atlas-13nzka-shard-0', canonicalAddress=ac-r0hbrkp-shard-00-01.vnz6sis.mongodb.net:27017, hosts=[ac-r0hbrkp-shard-00-01.vnz6sis.mongodb.net:27017, ac-r0hbrkp-shard-00-02.vnz6sis.mongodb.net:27017, ac-r0hbrkp-shard-00-00.vnz6sis.mongodb.net:27017], passives=[], arbiters=[], primary='ac-r0hbrkp-shard-00-01.vnz6sis.mongodb.net:27017', tagSet=TagSet{[Tag{name='nodeType', value='ELECTABLE'}, Tag{name='provider', value='AWS'}, Tag{name='region', value='US_EAST_1'}, Tag{name='workloadType', value='OPERATIONAL'}]}, electionId=7fffffff00000000000000e1, setVersion=7, topologyVersion=TopologyVersion{processId=654974507f215e94dd9f479f, counter=6}, lastWriteDate=Tue Nov 07 13:01:10 CST 2023, lastUpdateTimeNanos=462831563137700}
2023-11-07T13:01:10.867-06:00  INFO 23484 --- [ngodb.net:27017] org.mongodb.driver.cluster               : Monitor thread successfully connected to server with description ServerDescription{address=ac-r0hbrkp-shard-00-00.vnz6sis.mongodb.net:27017, type=REPLICA_SET_SECONDARY, state=CONNECTED, ok=true, minWireVersion=0, maxWireVersion=17, maxDocumentSize=16777216, logicalSessionTimeoutMinutes=30, roundTripTimeNanos=402017400, setName='atlas-13nzka-shard-0', canonicalAddress=ac-r0hbrkp-shard-00-00.vnz6sis.mongodb.net:27017, hosts=[ac-r0hbrkp-shard-00-01.vnz6sis.mongodb.net:27017, ac-r0hbrkp-shard-00-02.vnz6sis.mongodb.net:27017, ac-r0hbrkp-shard-00-00.vnz6sis.mongodb.net:27017], passives=[], arbiters=[], primary='ac-r0hbrkp-shard-00-01.vnz6sis.mongodb.net:27017', tagSet=TagSet{[Tag{name='nodeType', value='ELECTABLE'}, Tag{name='provider', value='AWS'}, Tag{name='region', value='US_EAST_1'}, Tag{name='workloadType', value='OPERATIONAL'}]}, electionId=null, setVersion=7, topologyVersion=TopologyVersion{processId=6549732ee3884660c7c481a0, counter=4}, lastWriteDate=Tue Nov 07 13:01:10 CST 2023, lastUpdateTimeNanos=462831562952300}
2023-11-07T13:01:10.873-06:00  INFO 23484 --- [ngodb.net:27017] org.mongodb.driver.cluster               : Discovered replica set primary ac-r0hbrkp-shard-00-01.vnz6sis.mongodb.net:27017 with max election id 7fffffff00000000000000e1 and max set version 7
2023-11-07T13:01:11.823-06:00  INFO 23484 --- [           main] e.d.HistoryOfBlackPeopleApplicationTests : Started HistoryOfBlackPeopleApplicationTests in 3.661 seconds (process running for 5.343)
]]></system-out>
  </testcase>
</testsuite>